Watching for file changes with StatReloader
[14/Sep/2025 14:57:28] "GET / HTTP/1.1" 200 4188
[14/Sep/2025 14:57:54] "GET / HTTP/1.1" 200 4188
[14/Sep/2025 14:57:54] "GET /static/css/styles.css HTTP/1.1" 304 0
[14/Sep/2025 14:57:58] "GET /application/1/ HTTP/1.1" 200 2265
[14/Sep/2025 14:58:01] "GET / HTTP/1.1" 200 4188
[14/Sep/2025 14:58:02] "GET /service/1/ HTTP/1.1" 200 1506
[14/Sep/2025 14:58:05] "GET / HTTP/1.1" 200 4188
/Users/nikolay/AppleYield-Backend/apple_yield/settings.py changed, reloading.
Performing system checks...

System check identified no issues (0 silenced).

You have 18 unapplied migration(s). Your project may not work properly until you apply the migrations for app(s): admin, auth, contenttypes, sessions.
Run 'python manage.py migrate' to apply them.
September 14, 2025 - 14:57:17
Django version 5.1.12, using settings 'apple_yield.settings'
Starting development server at http://127.0.0.1:8000/
Quit the server with CONTROL-C.

Watching for file changes with StatReloader
/Users/nikolay/AppleYield-Backend/services/data.py changed, reloading.
Performing system checks...

System check identified no issues (0 silenced).

You have 18 unapplied migration(s). Your project may not work properly until you apply the migrations for app(s): admin, auth, contenttypes, sessions.
Run 'python manage.py migrate' to apply them.
September 14, 2025 - 15:07:54
Django version 5.1.12, using settings 'apple_yield.settings'
Starting development server at http://127.0.0.1:8000/
Quit the server with CONTROL-C.

Watching for file changes with StatReloader
/Users/nikolay/AppleYield-Backend/apple_yield/settings.py changed, reloading.
Performing system checks...

System check identified no issues (0 silenced).

You have 18 unapplied migration(s). Your project may not work properly until you apply the migrations for app(s): admin, auth, contenttypes, sessions.
Run 'python manage.py migrate' to apply them.
September 14, 2025 - 15:08:05
Django version 5.1.12, using settings 'apple_yield.settings'
Starting development server at http://127.0.0.1:8000/
Quit the server with CONTROL-C.

Watching for file changes with StatReloader
[14/Sep/2025 15:14:22] "GET / HTTP/1.1" 200 3997
[14/Sep/2025 15:14:22] "GET /static/css/styles.css HTTP/1.1" 304 0
[14/Sep/2025 15:14:28] "GET /application/1/ HTTP/1.1" 200 2066
[14/Sep/2025 15:14:32] "GET / HTTP/1.1" 200 3997
[14/Sep/2025 15:46:39] "GET / HTTP/1.1" 200 3997
[14/Sep/2025 15:46:39] "GET /static/css/styles.css HTTP/1.1" 304 0
[14/Sep/2025 15:51:03] "GET / HTTP/1.1" 200 3997
[14/Sep/2025 15:59:32] "GET / HTTP/1.1" 200 3997
[14/Sep/2025 15:59:32] "GET /static/css/styles.css HTTP/1.1" 304 0
[14/Sep/2025 15:59:35] "GET /service/1/ HTTP/1.1" 200 1305
[14/Sep/2025 15:59:36] "GET / HTTP/1.1" 200 3997
[14/Sep/2025 16:34:56] "GET / HTTP/1.1" 200 3997
[14/Sep/2025 16:34:56] "GET /static/css/styles.css HTTP/1.1" 304 0
/Users/nikolay/AppleYield-Backend/apple_yield/settings.py changed, reloading.
Performing system checks...

System check identified no issues (0 silenced).

You have 18 unapplied migration(s). Your project may not work properly until you apply the migrations for app(s): admin, auth, contenttypes, sessions.
Run 'python manage.py migrate' to apply them.
September 14, 2025 - 15:12:09
Django version 5.1.12, using settings 'apple_yield.settings'
Starting development server at http://127.0.0.1:8000/
Quit the server with CONTROL-C.

Watching for file changes with StatReloader
/Users/nikolay/AppleYield-Backend/apple_yield/settings.py changed, reloading.
Performing system checks...

System check identified no issues (0 silenced).

You have 18 unapplied migration(s). Your project may not work properly until you apply the migrations for app(s): admin, auth, contenttypes, sessions.
Run 'python manage.py migrate' to apply them.
September 14, 2025 - 17:13:54
Django version 5.1.12, using settings 'apple_yield.settings'
Starting development server at http://127.0.0.1:8000/
Quit the server with CONTROL-C.

Watching for file changes with StatReloader
[14/Sep/2025 17:23:14] "GET / HTTP/1.1" 200 4033
[14/Sep/2025 17:23:15] "GET /static/css/styles.css HTTP/1.1" 304 0
[14/Sep/2025 17:23:24] "GET /application/1/ HTTP/1.1" 200 2066
[14/Sep/2025 17:23:27] "GET / HTTP/1.1" 200 4033
[14/Sep/2025 17:23:29] "GET /service/1/ HTTP/1.1" 200 1311
[14/Sep/2025 17:23:33] "GET / HTTP/1.1" 200 4033
[14/Sep/2025 17:23:37] "GET /application/1/ HTTP/1.1" 200 2066
[14/Sep/2025 17:23:40] "GET / HTTP/1.1" 200 4033
/Users/nikolay/AppleYield-Backend/services/data.py changed, reloading.
Performing system checks...

System check identified no issues (0 silenced).

You have 18 unapplied migration(s). Your project may not work properly until you apply the migrations for app(s): admin, auth, contenttypes, sessions.
Run 'python manage.py migrate' to apply them.
September 14, 2025 - 17:14:48
Django version 5.1.12, using settings 'apple_yield.settings'
Starting development server at http://127.0.0.1:8000/
Quit the server with CONTROL-C.

Watching for file changes with StatReloader
[14/Sep/2025 17:34:43] "GET / HTTP/1.1" 200 4033
[14/Sep/2025 17:35:48] "GET / HTTP/1.1" 200 4033
/Users/nikolay/AppleYield-Backend/services/data.py changed, reloading.
Performing system checks...

System check identified no issues (0 silenced).

You have 18 unapplied migration(s). Your project may not work properly until you apply the migrations for app(s): admin, auth, contenttypes, sessions.
Run 'python manage.py migrate' to apply them.
September 14, 2025 - 17:23:49
Django version 5.1.12, using settings 'apple_yield.settings'
Starting development server at http://127.0.0.1:8000/
Quit the server with CONTROL-C.

Watching for file changes with StatReloader
/Users/nikolay/AppleYield-Backend/services/views.py changed, reloading.
Performing system checks...

System check identified no issues (0 silenced).

You have 18 unapplied migration(s). Your project may not work properly until you apply the migrations for app(s): admin, auth, contenttypes, sessions.
Run 'python manage.py migrate' to apply them.
September 14, 2025 - 17:37:37
Django version 5.1.12, using settings 'apple_yield.settings'
Starting development server at http://127.0.0.1:8000/
Quit the server with CONTROL-C.

Watching for file changes with StatReloader
[14/Sep/2025 17:39:12] "GET / HTTP/1.1" 200 4039
[14/Sep/2025 17:39:12] "GET /application/1/ HTTP/1.1" 200 2113
/Users/nikolay/AppleYield-Backend/services/data.py changed, reloading.
Performing system checks...

System check identified no issues (0 silenced).

You have 18 unapplied migration(s). Your project may not work properly until you apply the migrations for app(s): admin, auth, contenttypes, sessions.
Run 'python manage.py migrate' to apply them.
September 14, 2025 - 17:38:10
Django version 5.1.12, using settings 'apple_yield.settings'
Starting development server at http://127.0.0.1:8000/
Quit the server with CONTROL-C.

Watching for file changes with StatReloader
[14/Sep/2025 17:39:24] "GET / HTTP/1.1" 200 4039
[14/Sep/2025 17:39:28] "GET / HTTP/1.1" 200 4039
[14/Sep/2025 17:39:32] "GET /application/1/ HTTP/1.1" 200 2113
[14/Sep/2025 17:39:39] "GET / HTTP/1.1" 200 4039
[14/Sep/2025 17:40:00] "GET /?q=%D0%98 HTTP/1.1" 200 2171
[14/Sep/2025 17:40:03] "GET /service/2/ HTTP/1.1" 200 1288
[14/Sep/2025 17:40:06] "GET / HTTP/1.1" 200 4039
[14/Sep/2025 17:40:10] "GET /application/1/ HTTP/1.1" 200 2113
[14/Sep/2025 17:40:19] "GET / HTTP/1.1" 200 4039
[14/Sep/2025 17:40:19] "GET /static/css/styles.css HTTP/1.1" 304 0
Not Found: /.well-known/appspecific/com.chrome.devtools.json
[14/Sep/2025 17:40:45] "GET /.well-known/appspecific/com.chrome.devtools.json HTTP/1.1" 404 3145
[14/Sep/2025 17:51:23] "GET /service/1/ HTTP/1.1" 200 1317
[14/Sep/2025 17:51:28] "GET / HTTP/1.1" 200 4039
[14/Sep/2025 17:51:34] "GET /application/1/ HTTP/1.1" 200 2113
[14/Sep/2025 17:51:39] "GET / HTTP/1.1" 200 4039
[14/Sep/2025 18:01:25] "GET /?q=%D0%BE HTTP/1.1" 200 1733
[14/Sep/2025 18:01:25] "GET /static/css/styles.css HTTP/1.1" 304 0
[14/Sep/2025 18:01:29] "GET /?q= HTTP/1.1" 200 4039
[14/Sep/2025 18:01:33] "GET / HTTP/1.1" 200 4039
[14/Sep/2025 18:02:07] "GET /service/3/ HTTP/1.1" 200 1308
[14/Sep/2025 18:02:10] "GET / HTTP/1.1" 200 4039
[14/Sep/2025 18:02:13] "GET /application/1/ HTTP/1.1" 200 2113
[14/Sep/2025 18:02:25] "GET / HTTP/1.1" 200 4039
[14/Sep/2025 18:14:58] "GET / HTTP/1.1" 200 4039
/Users/nikolay/AppleYield-Backend/services/data.py changed, reloading.
Performing system checks...

System check identified no issues (0 silenced).

You have 18 unapplied migration(s). Your project may not work properly until you apply the migrations for app(s): admin, auth, contenttypes, sessions.
Run 'python manage.py migrate' to apply them.
September 14, 2025 - 17:39:19
Django version 5.1.12, using settings 'apple_yield.settings'
Starting development server at http://127.0.0.1:8000/
Quit the server with CONTROL-C.

Watching for file changes with StatReloader
/Users/nikolay/AppleYield-Backend/services/views.py changed, reloading.
Performing system checks...

System check identified no issues (0 silenced).

You have 18 unapplied migration(s). Your project may not work properly until you apply the migrations for app(s): admin, auth, contenttypes, sessions.
Run 'python manage.py migrate' to apply them.
September 14, 2025 - 18:15:13
Django version 5.1.12, using settings 'apple_yield.settings'
Starting development server at http://127.0.0.1:8000/
Quit the server with CONTROL-C.

Watching for file changes with StatReloader
/Users/nikolay/AppleYield-Backend/services/data.py changed, reloading.
Performing system checks...

System check identified no issues (0 silenced).

You have 18 unapplied migration(s). Your project may not work properly until you apply the migrations for app(s): admin, auth, contenttypes, sessions.
Run 'python manage.py migrate' to apply them.
September 14, 2025 - 18:15:19
Django version 5.1.12, using settings 'apple_yield.settings'
Starting development server at http://127.0.0.1:8000/
Quit the server with CONTROL-C.

Watching for file changes with StatReloader
[14/Sep/2025 18:18:05] "GET / HTTP/1.1" 200 4039
[14/Sep/2025 18:18:54] "GET /service/1/ HTTP/1.1" 200 1317
[14/Sep/2025 18:18:56] "GET / HTTP/1.1" 200 4039
[14/Sep/2025 18:18:58] "GET /service/1/ HTTP/1.1" 200 1317
Not Found: /.well-known/appspecific/com.chrome.devtools.json
[14/Sep/2025 18:19:16] "GET /.well-known/appspecific/com.chrome.devtools.json HTTP/1.1" 404 3145
Not Found: /.well-known/appspecific/com.chrome.devtools.json
[14/Sep/2025 18:19:48] "GET /.well-known/appspecific/com.chrome.devtools.json HTTP/1.1" 404 3145
[14/Sep/2025 18:21:15] "GET / HTTP/1.1" 200 4039
[14/Sep/2025 18:21:27] "GET /service/5/ HTTP/1.1" 200 1295
[14/Sep/2025 18:21:30] "GET / HTTP/1.1" 200 4039
[14/Sep/2025 20:11:03] "GET / HTTP/1.1" 200 4039
[14/Sep/2025 20:11:04] "GET /static/css/styles.css HTTP/1.1" 304 0
[14/Sep/2025 20:18:31] "GET / HTTP/1.1" 200 4094
Not Found: /.well-known/appspecific/com.chrome.devtools.json
[14/Sep/2025 20:18:55] "GET /.well-known/appspecific/com.chrome.devtools.json HTTP/1.1" 404 3145
[14/Sep/2025 20:20:35] "GET / HTTP/1.1" 200 4119
Not Found: /.well-known/appspecific/com.chrome.devtools.json
[14/Sep/2025 20:20:40] "GET /.well-known/appspecific/com.chrome.devtools.json HTTP/1.1" 404 3145
Not Found: /.well-known/appspecific/com.chrome.devtools.json
[14/Sep/2025 20:22:20] "GET /.well-known/appspecific/com.chrome.devtools.json HTTP/1.1" 404 3145
[14/Sep/2025 20:22:49] "GET / HTTP/1.1" 200 4119
Not Found: /.well-known/appspecific/com.chrome.devtools.json
[14/Sep/2025 20:22:49] "GET /.well-known/appspecific/com.chrome.devtools.json HTTP/1.1" 404 3145
[14/Sep/2025 20:23:57] "GET / HTTP/1.1" 200 4119
[14/Sep/2025 20:23:59] "GET / HTTP/1.1" 200 4119
[14/Sep/2025 20:24:01] "GET /application/1/ HTTP/1.1" 200 2193
[14/Sep/2025 20:24:04] "GET / HTTP/1.1" 200 4119
[14/Sep/2025 20:24:05] "GET / HTTP/1.1" 200 4119
[14/Sep/2025 20:24:09] "GET /service/2/ HTTP/1.1" 200 1368
[14/Sep/2025 20:24:10] "GET / HTTP/1.1" 200 4119
Not Found: /.well-known/appspecific/com.chrome.devtools.json
[14/Sep/2025 20:24:17] "GET /.well-known/appspecific/com.chrome.devtools.json HTTP/1.1" 404 3145
[14/Sep/2025 20:26:59] "GET / HTTP/1.1" 200 4119
[14/Sep/2025 20:27:01] "GET / HTTP/1.1" 200 4119
[14/Sep/2025 20:27:03] "GET / HTTP/1.1" 200 4119
[14/Sep/2025 20:27:03] "GET /static/css/styles.css HTTP/1.1" 200 7026
Not Found: /favicon.ico
[14/Sep/2025 20:27:04] "GET /favicon.ico HTTP/1.1" 404 3034
[14/Sep/2025 20:27:11] "GET /static/css/styles.css HTTP/1.1" 304 0
Not Found: /.well-known/appspecific/com.chrome.devtools.json
[14/Sep/2025 20:27:11] "GET /.well-known/appspecific/com.chrome.devtools.json HTTP/1.1" 404 3145
[14/Sep/2025 20:28:02] "GET / HTTP/1.1" 200 4119
[14/Sep/2025 20:28:02] "GET /static/css/styles.css HTTP/1.1" 304 0
[14/Sep/2025 20:29:03] "GET / HTTP/1.1" 200 4119
[14/Sep/2025 20:29:03] "GET /static/css/styles.css HTTP/1.1" 200 7047
[14/Sep/2025 20:29:06] "GET / HTTP/1.1" 200 4119
[14/Sep/2025 20:29:06] "GET /static/css/styles.css HTTP/1.1" 304 0
[14/Sep/2025 20:29:08] "GET /application/1/ HTTP/1.1" 200 2193
[14/Sep/2025 20:29:08] "GET /static/css/styles.css HTTP/1.1" 304 0
[14/Sep/2025 20:29:09] "GET / HTTP/1.1" 200 4119
[14/Sep/2025 20:29:09] "GET /static/css/styles.css HTTP/1.1" 304 0
[14/Sep/2025 20:29:12] "GET /service/1/ HTTP/1.1" 200 1397
[14/Sep/2025 20:29:12] "GET /static/css/styles.css HTTP/1.1" 304 0
[14/Sep/2025 20:29:15] "GET / HTTP/1.1" 200 4119
[14/Sep/2025 20:29:15] "GET /static/css/styles.css HTTP/1.1" 304 0
[14/Sep/2025 20:29:20] "GET /application/1/ HTTP/1.1" 200 2193
[14/Sep/2025 20:29:20] "GET /static/css/styles.css HTTP/1.1" 304 0
[14/Sep/2025 20:29:22] "GET / HTTP/1.1" 200 4119
[14/Sep/2025 20:29:22] "GET /static/css/styles.css HTTP/1.1" 304 0
[14/Sep/2025 20:29:47] "GET /service/1/ HTTP/1.1" 200 1397
[14/Sep/2025 20:29:47] "GET /static/css/styles.css HTTP/1.1" 304 0
[14/Sep/2025 20:29:51] "GET / HTTP/1.1" 200 4119
[14/Sep/2025 20:29:53] "GET /service/3/ HTTP/1.1" 200 1388
[14/Sep/2025 20:29:53] "GET /static/css/styles.css HTTP/1.1" 304 0
[14/Sep/2025 20:29:57] "GET / HTTP/1.1" 200 4119
