[01/Oct/2025 11:13:22] "GET / HTTP/1.1" 200 6479
Not Found: /.well-known/appspecific/com.chrome.devtools.json
[01/Oct/2025 11:13:25] "GET /.well-known/appspecific/com.chrome.devtools.json HTTP/1.1" 404 3730
[01/Oct/2025 11:13:27] "GET / HTTP/1.1" 200 6479
Not Found: /.well-known/appspecific/com.chrome.devtools.json
[01/Oct/2025 11:13:27] "GET /.well-known/appspecific/com.chrome.devtools.json HTTP/1.1" 404 3730
[01/Oct/2025 11:13:29] "POST /month/5/add/ HTTP/1.1" 200 2
Not Found: /.well-known/appspecific/com.chrome.devtools.json
[01/Oct/2025 11:13:29] "GET /.well-known/appspecific/com.chrome.devtools.json HTTP/1.1" 404 3730
[01/Oct/2025 11:13:44] "GET / HTTP/1.1" 200 6479
[01/Oct/2025 11:18:00] "GET / HTTP/1.1" 200 6479
[01/Oct/2025 11:18:00] "GET /static/css/styles.css HTTP/1.1" 200 9744
Not Found: /favicon.ico
[01/Oct/2025 11:18:00] "GET /favicon.ico HTTP/1.1" 404 3619
Not Found: /.well-known/appspecific/com.chrome.devtools.json
[01/Oct/2025 11:18:02] "GET /.well-known/appspecific/com.chrome.devtools.json HTTP/1.1" 404 3730
[01/Oct/2025 11:18:04] "GET / HTTP/1.1" 200 6479
Not Found: /.well-known/appspecific/com.chrome.devtools.json
[01/Oct/2025 11:18:04] "GET /.well-known/appspecific/com.chrome.devtools.json HTTP/1.1" 404 3730
[01/Oct/2025 11:18:05] "POST /month/6/add/ HTTP/1.1" 200 2
Not Found: /.well-known/appspecific/com.chrome.devtools.json
[01/Oct/2025 11:18:06] "GET /.well-known/appspecific/com.chrome.devtools.json HTTP/1.1" 404 3730
[01/Oct/2025 11:18:16] "GET / HTTP/1.1" 200 6479
[01/Oct/2025 11:18:18] "GET /months_calculation/18/ HTTP/1.1" 200 5585
[01/Oct/2025 11:18:27] "GET / HTTP/1.1" 200 6479
